2024/06/02 10:49:11 Copied file: C:\Logs\fsdfsdf — копия — копия (4) — копия.txt to D:\network\fsdfsdf — копия — копия (4) — копия.txt
2024/06/02 10:49:15 Retrying to copy file: C:\Logs\07_05_2023Log — копия.txt, attempt 1
2024/06/02 10:49:17 Copied file: C:\Logs\07_05_2023Log — копия.txt to D:\network\07_05_2023Log — копия.txt
2024/06/02 20:30:10 Service is starting...
2024/06/02 20:30:15 Service is starting...
2024/06/02 20:30:15 Service is starting...
2024/06/02 20:30:15 Service started successfully
2024/06/02 20:30:23 Detected new file: C:\Logs\07_05_2023Log — копия — копия (3) — копия — копия.txt
2024/06/02 20:30:23 Copying file from C:\Logs\07_05_2023Log — копия — копия (3) — копия — копия.txt to D:\network\07_05_2023Log — копия — копия (3) — копия — копия.txt
2024/06/02 20:30:23 Copied file: C:\Logs\07_05_2023Log — копия — копия (3) — копия — копия.txt to D:\network\07_05_2023Log — копия — копия (3) — копия — копия.txt
2024/06/02 20:30:23 Detected new file: C:\Logs\07_05_2023Log — копия — копия (4) — копия — копия.txt
2024/06/02 20:30:23 Copying file from C:\Logs\07_05_2023Log — копия — копия (4) — копия — копия.txt to D:\network\07_05_2023Log — копия — копия (4) — копия — копия.txt
2024/06/02 20:30:23 Retrying to copy file: C:\Logs\07_05_2023Log — копия — копия (4) — копия — копия.txt, attempt 1
2024/06/02 20:30:24 Detected new file: C:\Logs\07_05_2023Log — копия — копия (5) — копия — копия.txt
2024/06/02 20:30:25 Detected new file: C:\Logs\07_05_2023Log — копия — копия (6) — копия — копия.txt
2024/06/02 20:30:25 Detected new file: C:\Logs\07_05_2023Log — копия — копия (7) — копия — копия.txt
2024/06/02 20:30:25 Copied file: C:\Logs\07_05_2023Log — копия — копия (4) — копия — копия.txt to D:\network\07_05_2023Log — копия — копия (4) — копия — копия.txt
2024/06/02 20:30:25 Copying file from C:\Logs\07_05_2023Log — копия — копия (5) — копия — копия.txt to D:\network\07_05_2023Log — копия — копия (5) — копия — копия.txt
2024/06/02 20:30:25 Copied file: C:\Logs\07_05_2023Log — копия — копия (5) — копия — копия.txt to D:\network\07_05_2023Log — копия — копия (5) — копия — копия.txt
2024/06/02 20:30:25 Copying file from C:\Logs\07_05_2023Log — копия — копия (6) — копия — копия.txt to D:\network\07_05_2023Log — копия — копия (6) — копия — копия.txt
2024/06/02 20:30:25 Copied file: C:\Logs\07_05_2023Log — копия — копия (6) — копия — копия.txt to D:\network\07_05_2023Log — копия — копия (6) — копия — копия.txt
2024/06/02 20:30:25 Copying file from C:\Logs\07_05_2023Log — копия — копия (7) — копия — копия.txt to D:\network\07_05_2023Log — копия — копия (7) — копия — копия.txt
2024/06/02 20:30:25 Copied file: C:\Logs\07_05_2023Log — копия — копия (7) — копия — копия.txt to D:\network\07_05_2023Log — копия — копия (7) — копия — копия.txt
2024/06/02 20:30:54 Detected new file: C:\Logs\07_05_2023Log — копия — копия (16) — копия.txt
2024/06/02 20:30:54 Copying file from C:\Logs\07_05_2023Log — копия — копия (16) — копия.txt to D:\network\07_05_2023Log — копия — копия (16) — копия.txt
2024/06/02 20:30:54 Retrying to copy file: C:\Logs\07_05_2023Log — копия — копия (16) — копия.txt, attempt 1
2024/06/02 20:30:55 Detected new file: C:\Logs\07_05_2023Log — копия — копия (17) — копия.txt
2024/06/02 20:30:55 Detected new file: C:\Logs\07_05_2023Log — копия — копия (18) — копия.txt
2024/06/02 20:30:56 Detected new file: C:\Logs\07_05_2023Log — копия — копия (19) — копия.txt
2024/06/02 20:30:56 Detected new file: C:\Logs\07_05_2023Log — копия — копия (20) — копия.txt
2024/06/02 20:30:56 Copied file: C:\Logs\07_05_2023Log — копия — копия (16) — копия.txt to D:\network\07_05_2023Log — копия — копия (16) — копия.txt
2024/06/02 20:30:56 Copying file from C:\Logs\07_05_2023Log — копия — копия (17) — копия.txt to D:\network\07_05_2023Log — копия — копия (17) — копия.txt
2024/06/02 20:30:56 Copied file: C:\Logs\07_05_2023Log — копия — копия (17) — копия.txt to D:\network\07_05_2023Log — копия — копия (17) — копия.txt
2024/06/02 20:30:56 Copying file from C:\Logs\07_05_2023Log — копия — копия (18) — копия.txt to D:\network\07_05_2023Log — копия — копия (18) — копия.txt
2024/06/02 20:30:56 Copied file: C:\Logs\07_05_2023Log — копия — копия (18) — копия.txt to D:\network\07_05_2023Log — копия — копия (18) — копия.txt
2024/06/02 20:30:56 Copying file from C:\Logs\07_05_2023Log — копия — копия (19) — копия.txt to D:\network\07_05_2023Log — копия — копия (19) — копия.txt
2024/06/02 20:30:56 Copied file: C:\Logs\07_05_2023Log — копия — копия (19) — копия.txt to D:\network\07_05_2023Log — копия — копия (19) — копия.txt
2024/06/02 20:30:56 Copying file from C:\Logs\07_05_2023Log — копия — копия (20) — копия.txt to D:\network\07_05_2023Log — копия — копия (20) — копия.txt
2024/06/02 20:30:56 Copied file: C:\Logs\07_05_2023Log — копия — копия (20) — копия.txt to D:\network\07_05_2023Log — копия — копия (20) — копия.txt
2024/06/02 20:39:06 Service stopping
2024/06/02 20:57:13 Service is starting...
2024/06/02 20:57:13 Failed to stop service: The service has not been started.
2024/06/02 20:57:21 Service is starting...
2024/06/02 20:57:45 Service is starting...
2024/06/02 20:57:52 Service is starting...
